<?xml version="1.0" encoding="UTF-8"?>
<testsuite name="http.was.http.request.RequestTest" tests="4" skipped="0" failures="0" errors="0" timestamp="2020-11-10T06:57:07" hostname="MacBook-Pro-3.local" time="0.015">
  <properties/>
  <testcase name="postRequestTest()" classname="http.was.http.request.RequestTest" time="0.007"/>
  <testcase name="postRequestWithBodyTest()" classname="http.was.http.request.RequestTest" time="0.003"/>
  <testcase name="getRequestWithQueryStringTest()" classname="http.was.http.request.RequestTest" time="0.002"/>
  <testcase name="getRequestTest()" classname="http.was.http.request.RequestTest" time="0.002"/>
  <system-out><![CDATA[15:57:07.136 [Test worker] DEBUG http.was.utils.IOUtils - 
POST /users HTTP/1.1
Accept : */*
Connection : keep-alive
Host : localhost:8080
Content-Length : 73
Content-Type : application/x-www-form-urlencoded

userId=javajigi&password=password&name=JaeSung&email=javajigi%40slipp.net
15:57:07.139 [Test worker] DEBUG http.was.utils.IOUtils - 
POST /users?id=1 HTTP/1.1
Accept : */*
Connection : keep-alive
Host : localhost:8080
Content-Length : 46
Content-Type : application/x-www-form-urlencoded

userId=javajigi&password=password&name=JaeSung
15:57:07.141 [Test worker] DEBUG http.was.utils.IOUtils - 
GET /users?userId=javajigi&password=password&name=%EB%B0%95%EC%9E%AC%EC%84%B1&email=javajigi%40slipp.net HTTP/1.1
Accept : */*
Connection : keep-alive
Host : localhost:8080


15:57:07.145 [Test worker] DEBUG http.was.utils.IOUtils - 
GET /index.html HTTP/1.1
Accept : */*
Connection : keep-alive
Host : localhost:8080


]]></system-out>
  <system-err><![CDATA[]]></system-err>
</testsuite>
