<?xml version="1.0" encoding="UTF-8"?>
<testsuite name="http.was.http.response.ResponseTest" tests="3" skipped="0" failures="0" errors="0" timestamp="2020-11-16T02:22:45" hostname="MacBook-Pro-3.local" time="0.105">
  <properties/>
  <testcase name="responseOk()" classname="http.was.http.response.ResponseTest" time="0.099"/>
  <testcase name="responseMethodNotAllowed()" classname="http.was.http.response.ResponseTest" time="0.002"/>
  <testcase name="responseFound()" classname="http.was.http.response.ResponseTest" time="0.002"/>
  <system-out><![CDATA[]]></system-out>
  <system-err><![CDATA[]]></system-err>
</testsuite>
