<?xml version="1.0" encoding="UTF-8"?>
<testsuite name="user.service.controller.LoginControllerTest" tests="3" skipped="0" failures="0" errors="0" timestamp="2020-11-10T06:57:01" hostname="MacBook-Pro-3.local" time="0.018">
  <properties/>
  <testcase name="doPostTest()" classname="user.service.controller.LoginControllerTest" time="0.004"/>
  <testcase name="doPostTest2()" classname="user.service.controller.LoginControllerTest" time="0.003"/>
  <testcase name="doPostTest3()" classname="user.service.controller.LoginControllerTest" time="0.009"/>
  <system-out><![CDATA[15:57:01.751 [DEBUG] [Test worker] [http.was.utils.IOUtils] - 
POST /user/login HTTP/1.1
Accept : */*
Connection : keep-alive
Host : localhost:8080
Content-Length : 29
Content-Type : application/x-www-form-urlencoded

userId=javajigi&password=1234
15:57:01.757 [DEBUG] [Test worker] [http.was.utils.IOUtils] - 
POST /user/login HTTP/1.1
Accept : */*
Connection : keep-alive
Host : localhost:8080
Content-Length : 29
Content-Type : application/x-www-form-urlencoded

userId=javajigi&password=1234
15:57:01.757 [INFO ] [Test worker] [u.service.controller.LoginController] - 로그인에 실패했습니다.
15:57:01.762 [DEBUG] [Test worker] [http.was.utils.IOUtils] - 
POST /user/login HTTP/1.1
Accept : */*
Connection : keep-alive
Host : localhost:8080
Content-Length : 29
Content-Type : application/x-www-form-urlencoded

userId=javajigi&password=9999
15:57:01.765 [INFO ] [Test worker] [u.service.controller.LoginController] - 로그인에 실패했습니다.
]]></system-out>
  <system-err><![CDATA[]]></system-err>
</testsuite>
