<?xml version="1.0" encoding="UTF-8"?>
<testsuite name="user.service.controller.LoginControllerTest" tests="3" skipped="0" failures="0" errors="0" timestamp="2020-11-16T02:39:10" hostname="MacBook-Pro-3.local" time="0.024">
  <properties/>
  <testcase name="doPostTest()" classname="user.service.controller.LoginControllerTest" time="0.008"/>
  <testcase name="doPostTest2()" classname="user.service.controller.LoginControllerTest" time="0.008"/>
  <testcase name="doPostTest3()" classname="user.service.controller.LoginControllerTest" time="0.006"/>
  <system-out><![CDATA[11:39:10.532 [DEBUG] [Test worker] [http.was.utils.IOUtils] - 
POST /user/login HTTP/1.1
Accept : */*
Connection : keep-alive
Host : localhost:8080
Content-Length : 29
Content-Type : application/x-www-form-urlencoded

userId=javajigi&password=1234
11:39:10.541 [DEBUG] [Test worker] [http.was.utils.IOUtils] - 
POST /user/login HTTP/1.1
Accept : */*
Connection : keep-alive
Host : localhost:8080
Content-Length : 29
Content-Type : application/x-www-form-urlencoded

userId=javajigi&password=1234
11:39:10.541 [INFO ] [Test worker] [u.service.controller.LoginController] - 로그인에 실패했습니다.
11:39:10.551 [DEBUG] [Test worker] [http.was.utils.IOUtils] - 
POST /user/login HTTP/1.1
Accept : */*
Connection : keep-alive
Host : localhost:8080
Content-Length : 29
Content-Type : application/x-www-form-urlencoded

userId=javajigi&password=9999
11:39:10.553 [INFO ] [Test worker] [u.service.controller.LoginController] - 로그인에 실패했습니다.
]]></system-out>
  <system-err><![CDATA[]]></system-err>
</testsuite>
