<?xml version="1.0" encoding="UTF-8"?>
<testsuite name="user.service.controller.UserListControllerTest" tests="2" skipped="0" failures="0" errors="0" timestamp="2020-11-16T02:39:10" hostname="MacBook-Pro-3.local" time="0.214">
  <properties/>
  <testcase name="doGetTest2()" classname="user.service.controller.UserListControllerTest" time="0.184"/>
  <testcase name="doGetTest()" classname="user.service.controller.UserListControllerTest" time="0.029"/>
  <system-out><![CDATA[11:39:10.314 [DEBUG] [Test worker] [http.was.utils.IOUtils] - 
GET /user/list HTTP/1.1
Cookie : logined=false
Accept : */*
Connection : keep-alive
Host : localhost:8080


11:39:10.362 [DEBUG] [Test worker] [c.g.j.h.internal.HbsParserFactory] - About to parse: /templates/user/list.html
11:39:10.448 [DEBUG] [Test worker] [c.g.j.h.internal.HbsParserFactory] - Building AST
11:39:10.483 [DEBUG] [Test worker] [c.g.j.h.internal.HbsParserFactory] - Creating templates
11:39:10.492 [INFO ] [Test worker] [u.s.controller.UserListController] - null
11:39:10.495 [DEBUG] [Test worker] [http.was.utils.IOUtils] - 
GET /user/list HTTP/1.1
Cookie : JSESSIONID=1
Accept : */*
Connection : keep-alive
Host : localhost:8080


11:39:10.496 [DEBUG] [Test worker] [c.g.j.h.internal.HbsParserFactory] - About to parse: /templates/user/list.html
11:39:10.498 [DEBUG] [Test worker] [c.g.j.h.internal.HbsParserFactory] - Building AST
11:39:10.507 [DEBUG] [Test worker] [c.g.j.h.internal.HbsParserFactory] - Creating templates
]]></system-out>
  <system-err><![CDATA[]]></system-err>
</testsuite>
